TN:
SF:C:\Users\hp\Documents\GitHub\eDocLite\src\actions\index.js
FN:7,addTodo
FN:15,setVisibilityFilter
FN:22,toggleTodo
FNF:3
FNH:3
FNDA:1,addTodo
FNDA:1,setVisibilityFilter
FNDA:1,toggleTodo
DA:0,1
DA:1,1
DA:2,1
DA:3,1
DA:10,1
DA:11,1
DA:17,1
DA:18,1
LF:8
LH:8
BRF:0
BRH:0
end_of_record
TN:
SF:C:\Users\hp\Documents\GitHub\eDocLite\src\components\Form.js
FN:7,(anonymous_1)
FN:7,defineProperties
FN:7,(anonymous_3)
FN:27,_interopRequireDefault
FN:29,_classCallCheck
FN:31,_possibleConstructorReturn
FN:33,_inherits
FN:41,(anonymous_8)
FN:48,Form
FN:70,shouldComponentUpdate
FN:80,handleClick
FN:91,render
FN:252,handleChange
FNF:13
FNH:13
FNDA:1,(anonymous_1)
FNDA:1,defineProperties
FNDA:1,(anonymous_3)
FNDA:4,_interopRequireDefault
FNDA:1,_classCallCheck
FNDA:1,_possibleConstructorReturn
FNDA:1,_inherits
FNDA:1,(anonymous_8)
FNDA:1,Form
FNDA:0,shouldComponentUpdate
FNDA:0,handleClick
FNDA:1,render
FNDA:0,handleChange
DA:0,4
DA:21,1
DA:26,1
DA:35,0
DA:43,0
DA:51,1
DA:53,1
DA:122,0
DA:124,0
DA:133,1
LF:10
LH:6
BRDA:7,1,0,4
BRDA:7,1,1,4
BRDA:7,2,0,4
BRDA:7,2,1,0
BRDA:7,3,0,1
BRDA:7,3,1,0
BRDA:7,4,0,0
BRDA:7,4,1,1
BRDA:27,5,0,0
BRDA:27,5,1,4
BRDA:27,6,0,4
BRDA:27,6,1,4
BRDA:29,7,0,0
BRDA:29,7,1,1
BRDA:31,8,0,0
BRDA:31,8,1,1
BRDA:31,9,0,0
BRDA:31,9,1,1
BRDA:31,10,0,1
BRDA:31,10,1,0
BRDA:31,10,2,0
BRDA:33,11,0,0
BRDA:33,11,1,1
BRDA:33,12,0,1
BRDA:33,12,1,0
BRDA:33,13,0,1
BRDA:33,13,1,1
BRDA:33,14,0,1
BRDA:33,14,1,0
BRDA:33,15,0,0
BRDA:33,15,1,1
BRDA:253,16,0,0
BRDA:253,16,1,0
BRF:33
BRH:31
end_of_record
TN:
SF:C:\Users\hp\Documents\GitHub\eDocLite\src\reducers\todos.js
FN:7,_toConsumableArray
FN:9,todo
FN:30,todos
FN:38,(anonymous_4)
FNF:4
FNH:3
FNDA:3,_toConsumableArray
FNDA:3,todo
FNDA:4,todos
FNDA:0,(anonymous_4)
DA:0,4
DA:1,1
DA:2,3
DA:4,3
DA:10,0
DA:11,0
DA:14,0
DA:18,0
DA:22,1
DA:23,4
DA:25,3
DA:30,0
DA:34,1
LF:13
LH:8
BRDA:7,1,0,3
BRDA:7,1,1,0
BRDA:10,2,0,3
BRDA:10,2,1,0
BRDA:10,2,2,0
BRDA:18,3,0,0
BRDA:18,3,1,0
BRDA:31,4,0,1
BRDA:31,4,1,3
BRDA:31,5,0,4
BRDA:31,5,1,4
BRDA:34,6,0,3
BRDA:34,6,1,0
BRDA:34,6,2,1
BRF:14
BRH:9
end_of_record
