TN:
SF:/home/parikhv/WebstormProjects/eDocLite/src/actions/index.js
FN:7,addTodo
FN:15,setVisibilityFilter
FN:22,toggleTodo
FNF:3
FNH:3
FNDA:1,addTodo
FNDA:1,setVisibilityFilter
FNDA:1,toggleTodo
DA:0,1
DA:1,1
DA:2,1
DA:3,1
DA:10,1
DA:11,1
DA:17,1
DA:18,1
LF:8
LH:8
BRF:0
BRH:0
end_of_record
TN:
SF:/home/parikhv/WebstormProjects/eDocLite/src/components/Form.js
FN:7,(anonymous_1)
FN:7,defineProperties
FN:7,(anonymous_3)
FN:27,_interopRequireDefault
FN:29,_classCallCheck
FN:31,_possibleConstructorReturn
FN:33,_inherits
FN:41,(anonymous_8)
FN:48,Form
FN:70,shouldComponentUpdate
FN:80,handleClick
FN:91,render
FN:252,handleChange
FNF:13
FNH:13
FNDA:1,(anonymous_1)
FNDA:1,defineProperties
FNDA:1,(anonymous_3)
FNDA:4,_interopRequireDefault
FNDA:1,_classCallCheck
FNDA:1,_possibleConstructorReturn
FNDA:1,_inherits
FNDA:1,(anonymous_8)
FNDA:1,Form
FNDA:0,shouldComponentUpdate
FNDA:0,handleClick
FNDA:1,render
FNDA:0,handleChange
DA:0,4
DA:21,1
DA:26,1
DA:35,0
DA:43,0
DA:51,1
DA:53,1
DA:122,0
DA:124,0
DA:133,1
LF:10
LH:6
BRDA:7,1,0,4
BRDA:7,1,1,4
BRDA:7,2,0,4
BRDA:7,2,1,0
BRDA:7,3,0,1
BRDA:7,3,1,0
BRDA:7,4,0,0
BRDA:7,4,1,1
BRDA:27,5,0,0
BRDA:27,5,1,4
BRDA:27,6,0,4
BRDA:27,6,1,4
BRDA:29,7,0,0
BRDA:29,7,1,1
BRDA:31,8,0,0
BRDA:31,8,1,1
BRDA:31,9,0,0
BRDA:31,9,1,1
BRDA:31,10,0,1
BRDA:31,10,1,0
BRDA:31,10,2,0
BRDA:33,11,0,0
BRDA:33,11,1,1
BRDA:33,12,0,1
BRDA:33,12,1,0
BRDA:33,13,0,1
BRDA:33,13,1,1
BRDA:33,14,0,1
BRDA:33,14,1,0
BRDA:33,15,0,0
BRDA:33,15,1,1
BRDA:253,16,0,0
BRDA:253,16,1,0
BRF:33
BRH:31
end_of_record
TN:
SF:/home/parikhv/WebstormProjects/eDocLite/src/reducers/todos.js
FN:7,(anonymous_1)
FN:9,_toConsumableArray
FN:11,todo
FN:32,todos
FN:40,(anonymous_5)
FNF:5
FNH:5
FNDA:1,(anonymous_1)
FNDA:3,_toConsumableArray
FNDA:5,todo
FNDA:5,todos
FNDA:2,(anonymous_5)
DA:0,5
DA:1,1
DA:2,5
DA:4,3
DA:10,2
DA:11,1
DA:14,1
DA:19,0
DA:23,1
DA:24,5
DA:26,3
DA:31,1
DA:35,1
LF:13
LH:12
BRDA:7,1,0,1
BRDA:7,1,1,1
BRDA:7,2,0,4
BRDA:7,2,1,0
BRDA:9,3,0,3
BRDA:9,3,1,0
BRDA:12,4,0,3
BRDA:12,4,1,2
BRDA:12,4,2,0
BRDA:20,5,0,1
BRDA:20,5,1,1
BRDA:33,6,0,1
BRDA:33,6,1,4
BRDA:33,7,0,5
BRDA:33,7,1,5
BRDA:36,8,0,3
BRDA:36,8,1,1
BRDA:36,8,2,1
BRF:18
BRH:17
end_of_record
